p/P027.jpg 1 0 0 2400 1600
p/P041.jpg 1 0 0 1920 1200
p/P093.jpg 1 0 0 4895 2709
p/P095.jpg 1 0 0 5456 3632
p/P098.jpg 1 0 0 2400 1600
p/P030.jpg 1 0 0 6000 4000
p/P099.jpg 1 0 0 6000 4000
p/P007.jpg 1 0 0 1050 700
p/P011.jpg 1 0 0 1920 1200
p/P087.jpg 1 0 0 4000 6000
p/P134.jpeg 1 0 0 4000 6000
p/P038.jpg 1 0 0 640 960
p/P091.jpg 1 0 0 360 640
p/P061.jpg 1 0 0 3200 2400
p/P097.jpg 1 0 0 4928 3264
p/P058.jpg 1 0 0 2560 1600
p/P069.jpg 1 0 0 1024 768
p/P085.jpg 1 0 0 6000 4000
p/P090.jpg 1 0 0 6000 4000
p/P133.jpeg 1 0 0 6000 4000
p/P003.jpg 1 0 0 3840 2561
p/P023.jpg 1 0 0 1280 1200
p/P008.jpg 1 0 0 1024 576
p/P010.jpg 1 0 0 2048 1536
p/P020.jpg 1 0 0 640 1138
p/P054.jpg 1 0 0 978 1700
p/P066.jpg 1 0 0 450 267
p/P080.jpg 1 0 0 552 368
p/P026.jpg 1 0 0 3861 2574
p/P064.jpg 1 0 0 867 650
p/P005.jpg 1 0 0 2048 1152
p/P009.jpg 1 0 0 1920 1280
p/P013.jpg 1 0 0 400 267
p/P021.jpg 1 0 0 2048 1152
p/P032.jpg 1 0 0 640 960
p/P042.jpg 1 0 0 1920 1200
p/P043.jpg 1 0 0 1600 1200
p/P044.jpg 1 0 0 1080 1920
p/P065.jpg 1 0 0 236 418
p/P067.jpg 1 0 0 1920 1200
p/P068.jpg 1 0 0 1600 1200
p/P073.jpg 1 0 0 600 900
p/P077.jpg 1 0 0 896 504
p/P084.jpg 1 0 0 2560 1600
p/P088.jpg 1 0 0 1600 1200
p/P131.jpg 1 0 0 1920 1200
p/P006.jpg 1 0 0 1920 1080
p/P015.jpg 1 0 0 1680 1050
p/P019.jpg 1 0 0 820 532
p/P024.jpg 1 0 0 425 294
p/P025.jpg 1 0 0 978 650
p/P029.jpg 1 0 0 2448 3264
p/P035.jpg 1 0 0 640 480
p/P036.jpg 1 0 0 1920 1080
p/P037.jpg 1 0 0 3008 2000
p/P045.jpg 1 0 0 466 466
p/P046.jpg 1 0 0 4211 2811
p/P050.jpg 1 0 0 260 260
p/P051.jpg 1 0 0 500 334
p/P052.jpg 1 0 0 1300 974
p/P053.jpg 1 0 0 1440 900
p/P059.jpg 1 0 0 2592 1936
p/P060.jpg 1 0 0 1920 1440
p/P063.jpg 1 0 0 640 480
p/P074.jpg 1 0 0 900 580
p/P075.jpg 1 0 0 1680 1050
p/P078.jpg 1 0 0 2560 1440
p/P079.jpg 1 0 0 1920 1200
p/P081.jpg 1 0 0 1600 1000
p/P082.jpg 1 0 0 900 540
p/P086.jpg 1 0 0 1680 1050
p/P089.jpg 1 0 0 960 540
p/P092.jpg 1 0 0 675 585
p/P096.jpg 1 0 0 1920 1200
p/P100.jpg 1 0 0 320 480
p/P129.jpg 1 0 0 2100 1313
p/P144.jpg 1 0 0 1920 1080
p/P014.jpg 1 0 0 720 405
p/P016.jpg 1 0 0 1300 974
p/P017.jpg 1 0 0 1023 743
p/P018.jpg 1 0 0 1300 957
p/P028.jpg 1 0 0 1235 935
p/P033.jpg 1 0 0 346 260
p/P034.jpg 1 0 0 915 515
p/P040.jpg 1 0 0 1920 1200
p/P070.jpg 1 0 0 236 236
p/P071.jpg 1 0 0 1920 1200
p/P076.jpg 1 0 0 1024 768
p/P004.jpg 1 0 0 559 280
p/P047.jpg 1 0 0 3264 2448
p/P049.jpg 1 0 0 509 340
p/P112.jpg 1 0 0 2560 1600
p/P057.jpg 1 0 0 1920 1080
p/P056.jpg 1 0 0 1920 1080
p/P055.jpg 1 0 0 1920 1080
p/P150.jpg 1 0 0 2048 1536
p/P145.jpg 1 0 0 1000 667
p/P114.jpg 1 0 0 3008 2000
p/P072.jpg 1 0 0 460 300
p/P141.jpg 1 0 0 1600 1200
p/P143.jpg 1 0 0 617 405
p/P146.jpg 1 0 0 600 450
p/P012.jpg 1 0 0 1200 800
p/P104.jpg 1 0 0 2300 1200
p/P110.jpg 1 0 0 1200 800
p/P111.jpg 1 0 0 1024 857
p/P130.jpg 1 0 0 3000 2000
p/P140.jpg 1 0 0 800 600
p/P144.jpeg 1 0 0 500 382
p/P039.jpg 1 0 0 1024 504
p/P048.jpg 1 0 0 1920 1200
p/P115.jpg 1 0 0 1920 1200
p/P116.jpg 1 0 0 1280 720
p/P117.jpg 1 0 0 656 437
p/P120.jpg 1 0 0 640 380
p/P131.jpeg 1 0 0 680 357
p/P133.jpg 1 0 0 768 690
p/P137.jpg 1 0 0 860 460
p/P147.jpg 1 0 0 980 653
p/P002.jpg 1 0 0 700 300
p/P022.jpg 1 0 0 1000 700
p/P062.jpg 1 0 0 2592 1944
p/P083.jpg 1 0 0 620 250
p/P094.jpg 1 0 0 1200 575
p/P101.jpg 1 0 0 640 321
p/P102.jpg 1 0 0 620 381
p/P103.jpg 1 0 0 400 245
p/P105.jpg 1 0 0 1000 666
p/P107.jpg 1 0 0 360 360
p/P108.jpg 1 0 0 620 250
p/P113.jpg 1 0 0 1920 1200
p/P119.jpg 1 0 0 451 678
p/P121.jpg 1 0 0 750 502
p/P122.jpg 1 0 0 696 432
p/P124.jpg 1 0 0 710 399
p/P125.jpg 1 0 0 800 600
p/P127.jpg 1 0 0 968 681
p/P128.jpg 1 0 0 600 400
p/P132.jpg 1 0 0 600 419
p/P134.jpg 1 0 0 1000 700
p/P136.jpg 1 0 0 666 338
p/P138.jpg 1 0 0 400 300
p/P139.jpg 1 0 0 300 225
p/P142.jpg 1 0 0 250 250
p/P148.jpg 1 0 0 653 434
p/P149.jpg 1 0 0 742 444
p/P001.jpg 1 0 0 800 480
p/P031.jpg 1 0 0 630 420
p/P106.jpg 1 0 0 1024 694
p/P109.jpg 1 0 0 1300 957
p/P118.jpg 1 0 0 220 330
p/P123.jpg 1 0 0 640 480
p/P126.jpg 1 0 0 455 480
p/P135.jpg 1 0 0 300 224